<?xml version="1.0" encoding="UTF-8"?>
<!-- Generated by org.testng.reporters.JUnitXMLReporter -->
<testsuite ignored="5" hostname="Lenovo-B4GY4R1" failures="0" tests="1" name="Default test" time="19.433" errors="0" timestamp="2025-06-16T00:49:38 EDT">
  <testcase classname="test.StartHerePageTest" name="startHerePageTitleTest" time="0.04"/>
  <testcase classname="test.StartHerePageTest" name="NumberOfHeaderTest" time="0.0">
    <ignored/>
  </testcase> <!-- NumberOfHeaderTest -->
  <testcase classname="test.StartHerePageTest" name="FreeCRMLogoTest" time="0.0">
    <ignored/>
  </testcase> <!-- FreeCRMLogoTest -->
  <testcase classname="test.StartHerePageTest" name="StartHereButtonTest" time="0.0">
    <ignored/>
  </testcase> <!-- StartHereButtonTest -->
  <testcase classname="test.StartHerePageTest" name="StartHereTest" time="0.0">
    <ignored/>
  </testcase> <!-- StartHereTest -->
  <testcase classname="test.StartHerePageTest" name="SignUpButtonTest" time="0.0">
    <ignored/>
  </testcase> <!-- SignUpButtonTest -->
</testsuite> <!-- Default test -->
