<?xml version="1.0" encoding="UTF-8"?>
<testsuite xmlns:xsi="http://www.w3.org/2001/XMLSchema-instance" xsi:schemaLocation="https://maven.apache.org/surefire/maven-surefire-plugin/xsd/surefire-test-report.xsd" name="TestSuite" time="358.442" tests="24" errors="0" skipped="0" failures="3">
  <properties>
[...]
</properties>
  <testcase name="VerifyContactsPageLabel" classname="test.ContactsPageTest" time="0.045"/>
  <testcase name="SelectSingleContectByNameTest" classname="test.ContactsPageTest" time="10.045">
    <failure message="Unable to locate element: //a[text()=&apos;test1 test1&apos;]//parent::td//preceding-sibling::td&#10;For documentation on this error, please visit: https://www.selenium.dev/documentation/webdriver/troubleshooting/errors#no-such-element-exception&#10;Build info: version: &apos;4.28.1&apos;, revision: &apos;73f5ad48a2&apos;&#10;System info: os.name: &apos;Windows 10&apos;, os.arch: &apos;amd64&apos;, os.version: &apos;10.0&apos;, java.version: &apos;14.0.2&apos;&#10;Driver info: org.openqa.selenium.firefox.FirefoxDriver&#10;Command: [df6d0b30-5f94-48eb-a186-abefb25686a2, findElement {using=xpath, value=//a[text()=&apos;test1 test1&apos;]//parent::td//preceding-sibling::td}]&#10;Capabilities {acceptInsecureCerts: true, browserName: firefox, browserVersion: 139.0.4, moz:accessibilityChecks: false, moz:buildID: 20250609112858, moz:debuggerAddress: 127.0.0.1:17911, moz:geckodriverVersion: 0.36.0, moz:headless: false, moz:platformVersion: 10.0, moz:processID: 2456, moz:profile: C:\Users\User-Pc\AppData\Lo..., moz:shutdownTimeout: 60000, moz:webdriverClick: true, moz:windowless: false, pageLoadStrategy: normal, platformName: windows, proxy: Proxy(), se:cdp: ws://127.0.0.1:17911/devtoo..., se:cdpVersion: 85.0, setWindowRect: true, strictFileInteractability: false, timeouts: {implicit: 0, pageLoad: 300000, script: 30000}, unhandledPromptBehavior: dismiss and notify, userAgent: Mozilla/5.0 (Windows NT 10....}&#10;Session ID: df6d0b30-5f94-48eb-a186-abefb25686a2" type="org.openqa.selenium.NoSuchElementException">org.openqa.selenium.NoSuchElementException: 
Unable to locate element: //a[text()='test1 test1']//parent::td//preceding-sibling::td
For documentation on this error, please visit: https://www.selenium.dev/documentation/webdriver/troubleshooting/errors#no-such-element-exception
Build info: version: '4.28.1', revision: '73f5ad48a2'
System info: os.name: 'Windows 10', os.arch: 'amd64', os.version: '10.0', java.version: '14.0.2'
Driver info: org.openqa.selenium.firefox.FirefoxDriver
Command: [df6d0b30-5f94-48eb-a186-abefb25686a2, findElement {using=xpath, value=//a[text()='test1 test1']//parent::td//preceding-sibling::td}]
Capabilities {acceptInsecureCerts: true, browserName: firefox, browserVersion: 139.0.4, moz:accessibilityChecks: false, moz:buildID: 20250609112858, moz:debuggerAddress: 127.0.0.1:17911, moz:geckodriverVersion: 0.36.0, moz:headless: false, moz:platformVersion: 10.0, moz:processID: 2456, moz:profile: C:\Users\User-Pc\AppData\Lo..., moz:shutdownTimeout: 60000, moz:webdriverClick: true, moz:windowless: false, pageLoadStrategy: normal, platformName: windows, proxy: Proxy(), se:cdp: ws://127.0.0.1:17911/devtoo..., se:cdpVersion: 85.0, setWindowRect: true, strictFileInteractability: false, timeouts: {implicit: 0, pageLoad: 300000, script: 30000}, unhandledPromptBehavior: dismiss and notify, userAgent: Mozilla/5.0 (Windows NT 10....}
Session ID: df6d0b30-5f94-48eb-a186-abefb25686a2
	at test.ContactsPageTest.SelectSingleContectByNameTest(ContactsPageTest.java:62)
</failure>
    <system-err><![CDATA[Jun. 14, 2025 12:11:43 A.M. org.openqa.selenium.firefox.FirefoxDriver <init>
WARNING: CDP support for Firefox is deprecated and will be removed in future versions. Please switch to WebDriver BiDi.
]]></system-err>
  </testcase>
  <testcase name="SelectMultipleContectsByNameTest" classname="test.ContactsPageTest" time="10.025">
    <failure message="Unable to locate element: //a[text()=&apos;test1 test1&apos;]//parent::td//preceding-sibling::td&#10;For documentation on this error, please visit: https://www.selenium.dev/documentation/webdriver/troubleshooting/errors#no-such-element-exception&#10;Build info: version: &apos;4.28.1&apos;, revision: &apos;73f5ad48a2&apos;&#10;System info: os.name: &apos;Windows 10&apos;, os.arch: &apos;amd64&apos;, os.version: &apos;10.0&apos;, java.version: &apos;14.0.2&apos;&#10;Driver info: org.openqa.selenium.firefox.FirefoxDriver&#10;Command: [79821167-b500-4516-8e57-a5daaa737c85, findElement {using=xpath, value=//a[text()=&apos;test1 test1&apos;]//parent::td//preceding-sibling::td}]&#10;Capabilities {acceptInsecureCerts: true, browserName: firefox, browserVersion: 139.0.4, moz:accessibilityChecks: false, moz:buildID: 20250609112858, moz:debuggerAddress: 127.0.0.1:16233, moz:geckodriverVersion: 0.36.0, moz:headless: false, moz:platformVersion: 10.0, moz:processID: 3428, moz:profile: C:\Users\User-Pc\AppData\Lo..., moz:shutdownTimeout: 60000, moz:webdriverClick: true, moz:windowless: false, pageLoadStrategy: normal, platformName: windows, proxy: Proxy(), se:cdp: ws://127.0.0.1:16233/devtoo..., se:cdpVersion: 85.0, setWindowRect: true, strictFileInteractability: false, timeouts: {implicit: 0, pageLoad: 300000, script: 30000}, unhandledPromptBehavior: dismiss and notify, userAgent: Mozilla/5.0 (Windows NT 10....}&#10;Session ID: 79821167-b500-4516-8e57-a5daaa737c85" type="org.openqa.selenium.NoSuchElementException">org.openqa.selenium.NoSuchElementException: 
Unable to locate element: //a[text()='test1 test1']//parent::td//preceding-sibling::td
For documentation on this error, please visit: https://www.selenium.dev/documentation/webdriver/troubleshooting/errors#no-such-element-exception
Build info: version: '4.28.1', revision: '73f5ad48a2'
System info: os.name: 'Windows 10', os.arch: 'amd64', os.version: '10.0', java.version: '14.0.2'
Driver info: org.openqa.selenium.firefox.FirefoxDriver
Command: [79821167-b500-4516-8e57-a5daaa737c85, findElement {using=xpath, value=//a[text()='test1 test1']//parent::td//preceding-sibling::td}]
Capabilities {acceptInsecureCerts: true, browserName: firefox, browserVersion: 139.0.4, moz:accessibilityChecks: false, moz:buildID: 20250609112858, moz:debuggerAddress: 127.0.0.1:16233, moz:geckodriverVersion: 0.36.0, moz:headless: false, moz:platformVersion: 10.0, moz:processID: 3428, moz:profile: C:\Users\User-Pc\AppData\Lo..., moz:shutdownTimeout: 60000, moz:webdriverClick: true, moz:windowless: false, pageLoadStrategy: normal, platformName: windows, proxy: Proxy(), se:cdp: ws://127.0.0.1:16233/devtoo..., se:cdpVersion: 85.0, setWindowRect: true, strictFileInteractability: false, timeouts: {implicit: 0, pageLoad: 300000, script: 30000}, unhandledPromptBehavior: dismiss and notify, userAgent: Mozilla/5.0 (Windows NT 10....}
Session ID: 79821167-b500-4516-8e57-a5daaa737c85
	at test.ContactsPageTest.SelectMultipleContectsByNameTest(ContactsPageTest.java:67)
</failure>
    <system-err><![CDATA[Jun. 14, 2025 12:12:06 A.M. org.openqa.selenium.firefox.FirefoxDriver <init>
WARNING: CDP support for Firefox is deprecated and will be removed in future versions. Please switch to WebDriver BiDi.
]]></system-err>
  </testcase>
  <testcase name="ValidateCreateNewContactTest" classname="test.ContactsPageTest" time="1.221"/>
  <testcase name="ValidateCreateNewContactTest" classname="test.ContactsPageTest" time="1.297"/>
  <testcase name="ValidateCreateNewContactTest" classname="test.ContactsPageTest" time="1.442"/>
  <testcase name="ValidateCreateNewContactTest" classname="test.ContactsPageTest" time="1.625"/>
  <testcase name="VerityHomePageTitleTest" classname="test.HomePageTest" time="0.004"/>
  <testcase name="VerifyUserNameLableTest" classname="test.HomePageTest" time="0.575"/>
  <testcase name="ClickOnCalenderLinkTest" classname="test.HomePageTest" time="0.937"/>
  <testcase name="ClickOnCompaniesLinkTest" classname="test.HomePageTest" time="0.847"/>
  <testcase name="ClickOnContactsLinkTest" classname="test.HomePageTest" time="0.886"/>
  <testcase name="ClickOnDealsLinkTest" classname="test.HomePageTest" time="0.877"/>
  <testcase name="ClickOnTasksLinkTest" classname="test.HomePageTest" time="0.876"/>
  <testcase name="LoginPageTitleTest" classname="test.LoginPageTest" time="0.008"/>
  <testcase name="LoginWithCorrectUsernameAndPasswordtTest" classname="test.LoginPageTest" time="5.551"/>
  <testcase name="LoginWithEmptyUsernametTest" classname="test.LoginPageTest" time="0.15">
    <failure message="Keys to send should be a not null CharSequence" type="java.lang.IllegalArgumentException">java.lang.IllegalArgumentException: Keys to send should be a not null CharSequence
	at test.LoginPageTest.LoginWithEmptyUsernametTest(LoginPageTest.java:56)
</failure>
    <system-err><![CDATA[Jun. 14, 2025 12:15:32 A.M. org.openqa.selenium.firefox.FirefoxDriver <init>
WARNING: CDP support for Firefox is deprecated and will be removed in future versions. Please switch to WebDriver BiDi.
]]></system-err>
  </testcase>
  <testcase name="LoginWithEmptyPasswordtTest" classname="test.LoginPageTest" time="0.765"/>
  <testcase name="StartHereTest" classname="test.StartHerePageTest" time="3.449"/>
  <testcase name="startHerePageTitleTest" classname="test.StartHerePageTest" time="0.011"/>
  <testcase name="FreeCRMLogoTest" classname="test.StartHerePageTest" time="0.151"/>
  <testcase name="StartHereButtonTest" classname="test.StartHerePageTest" time="0.065"/>
  <testcase name="SignUpButtonTest" classname="test.StartHerePageTest" time="0.061"/>
  <testcase name="NumberOfHeaderTest" classname="test.StartHerePageTest" time="0.053"/>
</testsuite>